[debug] [2026-06-11T14:24:35.590Z] ----------------------------------------------------------------------
[debug] [2026-06-11T14:24:35.593Z] Command:       C:\Program Files\nodejs\node.exe C:\Users\HP\AppData\Roaming\npm\node_modules\firebase-tools\lib\bin\firebase.js login --reauth
[debug] [2026-06-11T14:24:35.593Z] CLI Version:   15.20.0
[debug] [2026-06-11T14:24:35.593Z] Platform:      win32
[debug] [2026-06-11T14:24:35.593Z] Node Version:  v24.14.0
[debug] [2026-06-11T14:24:35.593Z] Time:          Thu Jun 11 2026 16:24:35 GMT+0200 (heure d’été d’Europe centrale)
[debug] [2026-06-11T14:24:35.593Z] ----------------------------------------------------------------------
[debug] 
[info] 
[info] Visit this URL on this device to log in:
[info] https://accounts.google.com/o/oauth2/auth?client_id=563584335869-fgrhgmd47bqnekij5i8b5pr03ho849e6.apps.googleusercontent.com&scope=email%20openid%20https%3A%2F%2Fwww.googleapis.com%2Fauth%2Fcloudplatformprojects.readonly%20https%3A%2F%2Fwww.googleapis.com%2Fauth%2Ffirebase%20https%3A%2F%2Fwww.googleapis.com%2Fauth%2Fcloud-platform&response_type=code&state=496565703&redirect_uri=http%3A%2F%2Flocalhost%3A9005
[info] 
[info] Waiting for authentication...
[debug] [2026-06-11T14:26:18.613Z] ----------------------------------------------------------------------
[debug] [2026-06-11T14:26:18.615Z] Command:       C:\Program Files\nodejs\node.exe C:\Users\HP\AppData\Roaming\npm\node_modules\firebase-tools\lib\bin\firebase.js login --no-localhost --reauth
[debug] [2026-06-11T14:26:18.615Z] CLI Version:   15.20.0
[debug] [2026-06-11T14:26:18.615Z] Platform:      win32
[debug] [2026-06-11T14:26:18.615Z] Node Version:  v24.14.0
[debug] [2026-06-11T14:26:18.615Z] Time:          Thu Jun 11 2026 16:26:18 GMT+0200 (heure d’été d’Europe centrale)
[debug] [2026-06-11T14:26:18.616Z] ----------------------------------------------------------------------
[debug] 
[debug] [2026-06-11T14:26:18.743Z] >>> [apiv2][query] POST https://auth.firebase.tools/attest [none]
[debug] [2026-06-11T14:26:18.744Z] >>> [apiv2][body] POST https://auth.firebase.tools/attest {"session_id":"24adeca4-d564-41ac-bb21-8c976139e1b6"}
[debug] [2026-06-11T14:26:19.739Z] <<< [apiv2][status] POST https://auth.firebase.tools/attest 200
[debug] [2026-06-11T14:26:19.739Z] <<< [apiv2][body] POST https://auth.firebase.tools/attest {"token":"xPD3CYdT4fTcbn6pIuza-kznF7tqLuV9a-2siNVxRtk"}
[info] 
[info] To sign in to the Firebase CLI:
[info] 
[info] 1. Take note of your session ID:
[info] 
[info]    24ADE
[info] 
[info] 2. Visit the URL below on any device and follow the instructions to get your code:
[info] 
[info]    https://auth.firebase.tools/login?code_challenge=YIJaHVuNMoYKyY9ecn67Gurpl8bss2GrAUsgAUFCu_I&session=24adeca4-d564-41ac-bb21-8c976139e1b6&attest=xPD3CYdT4fTcbn6pIuza-kznF7tqLuV9a-2siNVxRtk
[info] 
[info] 3. Paste or enter the authorization code below once you have it:
[info] 
